<?xml version="1.0" encoding="UTF-8"?>
<testng-results ignored="0" total="0" passed="0" failed="0" skipped="0">
  <reporter-output>
  </reporter-output>
  <suite started-at="2022-02-23T20:01:58Z" name="JPMorganChaseProject.CreditCard" finished-at="2022-02-23T20:01:58Z" duration-ms="3">
    <groups>
    </groups>
    <test started-at="2022-02-23T20:01:58Z" name="Command line test" finished-at="2022-02-23T20:01:58Z" duration-ms="3">
    </test> <!-- Command line test -->
  </suite> <!-- JPMorganChaseProject.CreditCard -->
</testng-results>
